<!DOCTYPE html>
<html>
  <head>
    <meta charset="utf-8"/>
    <title>report_assistant_registration.html</title>
    <link href="assets/style.css" rel="stylesheet" type="text/css"/></head>
  <body onLoad="init()">
    <script>/* This Source Code Form is subject to the terms of the Mozilla Public
 * License, v. 2.0. If a copy of the MPL was not distributed with this file,
 * You can obtain one at http://mozilla.org/MPL/2.0/. */


function toArray(iter) {
    if (iter === null) {
        return null;
    }
    return Array.prototype.slice.call(iter);
}

function find(selector, elem) { // eslint-disable-line no-redeclare
    if (!elem) {
        elem = document;
    }
    return elem.querySelector(selector);
}

function findAll(selector, elem) {
    if (!elem) {
        elem = document;
    }
    return toArray(elem.querySelectorAll(selector));
}

function sortColumn(elem) {
    toggleSortStates(elem);
    const colIndex = toArray(elem.parentNode.childNodes).indexOf(elem);
    let key;
    if (elem.classList.contains('result')) {
        key = keyResult;
    } else if (elem.classList.contains('links')) {
        key = keyLink;
    } else {
        key = keyAlpha;
    }
    sortTable(elem, key(colIndex));
}

function showAllExtras() { // eslint-disable-line no-unused-vars
    findAll('.col-result').forEach(showExtras);
}

function hideAllExtras() { // eslint-disable-line no-unused-vars
    findAll('.col-result').forEach(hideExtras);
}

function showExtras(colresultElem) {
    const extras = colresultElem.parentNode.nextElementSibling;
    const expandcollapse = colresultElem.firstElementChild;
    extras.classList.remove('collapsed');
    expandcollapse.classList.remove('expander');
    expandcollapse.classList.add('collapser');
}

function hideExtras(colresultElem) {
    const extras = colresultElem.parentNode.nextElementSibling;
    const expandcollapse = colresultElem.firstElementChild;
    extras.classList.add('collapsed');
    expandcollapse.classList.remove('collapser');
    expandcollapse.classList.add('expander');
}

function showFilters() {
    let visibleString = getQueryParameter('visible') || 'all';
    visibleString = visibleString.toLowerCase();
    const checkedItems = visibleString.split(',');

    const filterItems = document.getElementsByClassName('filter');
    for (let i = 0; i < filterItems.length; i++) {
        filterItems[i].hidden = false;

        if (visibleString != 'all') {
            filterItems[i].checked = checkedItems.includes(filterItems[i].getAttribute('data-test-result'));
            filterTable(filterItems[i]);
        }
    }
}

function addCollapse() {
    // Add links for show/hide all
    const resulttable = find('table#results-table');
    const showhideall = document.createElement('p');
    showhideall.innerHTML = '<a href="javascript:showAllExtras()">Show all details</a> / ' +
                            '<a href="javascript:hideAllExtras()">Hide all details</a>';
    resulttable.parentElement.insertBefore(showhideall, resulttable);

    // Add show/hide link to each result
    findAll('.col-result').forEach(function(elem) {
        const collapsed = getQueryParameter('collapsed') || 'Passed';
        const extras = elem.parentNode.nextElementSibling;
        const expandcollapse = document.createElement('span');
        if (extras.classList.contains('collapsed')) {
            expandcollapse.classList.add('expander');
        } else if (collapsed.includes(elem.innerHTML)) {
            extras.classList.add('collapsed');
            expandcollapse.classList.add('expander');
        } else {
            expandcollapse.classList.add('collapser');
        }
        elem.appendChild(expandcollapse);

        elem.addEventListener('click', function(event) {
            if (event.currentTarget.parentNode.nextElementSibling.classList.contains('collapsed')) {
                showExtras(event.currentTarget);
            } else {
                hideExtras(event.currentTarget);
            }
        });
    });
}

function getQueryParameter(name) {
    const match = RegExp('[?&]' + name + '=([^&]*)').exec(window.location.search);
    return match && decodeURIComponent(match[1].replace(/\+/g, ' '));
}

function init () { // eslint-disable-line no-unused-vars
    resetSortHeaders();

    addCollapse();

    showFilters();

    sortColumn(find('.initial-sort'));

    findAll('.sortable').forEach(function(elem) {
        elem.addEventListener('click',
            function() {
                sortColumn(elem);
            }, false);
    });
}

function sortTable(clicked, keyFunc) {
    const rows = findAll('.results-table-row');
    const reversed = !clicked.classList.contains('asc');
    const sortedRows = sort(rows, keyFunc, reversed);
    /* Whole table is removed here because browsers acts much slower
     * when appending existing elements.
     */
    const thead = document.getElementById('results-table-head');
    document.getElementById('results-table').remove();
    const parent = document.createElement('table');
    parent.id = 'results-table';
    parent.appendChild(thead);
    sortedRows.forEach(function(elem) {
        parent.appendChild(elem);
    });
    document.getElementsByTagName('BODY')[0].appendChild(parent);
}

function sort(items, keyFunc, reversed) {
    const sortArray = items.map(function(item, i) {
        return [keyFunc(item), i];
    });

    sortArray.sort(function(a, b) {
        const keyA = a[0];
        const keyB = b[0];

        if (keyA == keyB) return 0;

        if (reversed) {
            return keyA < keyB ? 1 : -1;
        } else {
            return keyA > keyB ? 1 : -1;
        }
    });

    return sortArray.map(function(item) {
        const index = item[1];
        return items[index];
    });
}

function keyAlpha(colIndex) {
    return function(elem) {
        return elem.childNodes[1].childNodes[colIndex].firstChild.data.toLowerCase();
    };
}

function keyLink(colIndex) {
    return function(elem) {
        const dataCell = elem.childNodes[1].childNodes[colIndex].firstChild;
        return dataCell == null ? '' : dataCell.innerText.toLowerCase();
    };
}

function keyResult(colIndex) {
    return function(elem) {
        const strings = ['Error', 'Failed', 'Rerun', 'XFailed', 'XPassed',
            'Skipped', 'Passed'];
        return strings.indexOf(elem.childNodes[1].childNodes[colIndex].firstChild.data);
    };
}

function resetSortHeaders() {
    findAll('.sort-icon').forEach(function(elem) {
        elem.parentNode.removeChild(elem);
    });
    findAll('.sortable').forEach(function(elem) {
        const icon = document.createElement('div');
        icon.className = 'sort-icon';
        icon.textContent = 'vvv';
        elem.insertBefore(icon, elem.firstChild);
        elem.classList.remove('desc', 'active');
        elem.classList.add('asc', 'inactive');
    });
}

function toggleSortStates(elem) {
    //if active, toggle between asc and desc
    if (elem.classList.contains('active')) {
        elem.classList.toggle('asc');
        elem.classList.toggle('desc');
    }

    //if inactive, reset all other functions and add ascending active
    if (elem.classList.contains('inactive')) {
        resetSortHeaders();
        elem.classList.remove('inactive');
        elem.classList.add('active');
    }
}

function isAllRowsHidden(value) {
    return value.hidden == false;
}

function filterTable(elem) { // eslint-disable-line no-unused-vars
    const outcomeAtt = 'data-test-result';
    const outcome = elem.getAttribute(outcomeAtt);
    const classOutcome = outcome + ' results-table-row';
    const outcomeRows = document.getElementsByClassName(classOutcome);

    for(let i = 0; i < outcomeRows.length; i++){
        outcomeRows[i].hidden = !elem.checked;
    }

    const rows = findAll('.results-table-row').filter(isAllRowsHidden);
    const allRowsHidden = rows.length == 0 ? true : false;
    const notFoundMessage = document.getElementById('not-found-message');
    notFoundMessage.hidden = !allRowsHidden;
}
</script>
    <h1>report_assistant_registration.html</h1>
    <p>Report generated on 17-Jul-2023 at 08:15:02 by <a href="https://pypi.python.org/pypi/pytest-html">pytest-html</a> v3.2.0</p>
    <h2>Environment</h2>
    <table id="environment">
      <tr>
        <td>Packages</td>
        <td>{"pluggy": "1.0.0", "pytest": "7.2.2"}</td></tr>
      <tr>
        <td>Platform</td>
        <td>Windows-10-10.0.19045-SP0</td></tr>
      <tr>
        <td>Plugins</td>
        <td>{"check": "2.1.4", "html": "3.2.0", "html-reporter": "0.2.9", "metadata": "2.0.4"}</td></tr>
      <tr>
        <td>Python</td>
        <td>3.10.11</td></tr></table>
    <h2>Summary</h2>
    <p>9 tests ran in 750.24 seconds. </p>
    <p class="filter" hidden="true">(Un)check the boxes to filter the results.</p><input checked="true" class="filter" data-test-result="passed" disabled="true" hidden="true" name="filter_checkbox" onChange="filterTable(this)" type="checkbox"/><span class="passed">0 passed</span>, <input checked="true" class="filter" data-test-result="skipped" disabled="true" hidden="true" name="filter_checkbox" onChange="filterTable(this)" type="checkbox"/><span class="skipped">0 skipped</span>, <input checked="true" class="filter" data-test-result="failed" hidden="true" name="filter_checkbox" onChange="filterTable(this)" type="checkbox"/><span class="failed">9 failed</span>, <input checked="true" class="filter" data-test-result="error" disabled="true" hidden="true" name="filter_checkbox" onChange="filterTable(this)" type="checkbox"/><span class="error">0 errors</span>, <input checked="true" class="filter" data-test-result="xfailed" disabled="true" hidden="true" name="filter_checkbox" onChange="filterTable(this)" type="checkbox"/><span class="xfailed">0 expected failures</span>, <input checked="true" class="filter" data-test-result="xpassed" disabled="true" hidden="true" name="filter_checkbox" onChange="filterTable(this)" type="checkbox"/><span class="xpassed">0 unexpected passes</span>
    <h2>Results</h2>
    <table id="results-table">
      <thead id="results-table-head">
        <tr>
          <th class="sortable result initial-sort" col="result">Result</th>
          <th class="sortable" col="name">Test</th>
          <th class="sortable" col="duration">Duration</th>
          <th class="sortable links" col="links">Links</th></tr>
        <tr hidden="true" id="not-found-message">
          <th colspan="4">No results found. Try to check the filters</th></tr></thead>
      <tbody class="failed results-table-row">
        <tr>
          <td class="col-result">Failed</td>
          <td class="col-name">tests/test_assistant_registration.py::TestAssistantRegistration::test_attendee_registration_field_enable_comparendo_number_field[404477902-1qazxsw2.23-12345678-]</td>
          <td class="col-duration">80.98</td>
          <td class="col-links"></td></tr>
        <tr>
          <td class="extra" colspan="4">
            <div class="log">self = &lt;Utils.actions.Actions object at 0x000001BC7BD7E9B0&gt;, driver = &lt;selenium.webdriver.chrome.webdriver.WebDriver (session=&quot;2413e305fc20e4ecb8506d3d49333bc2&quot;)&gt;, element = (&#x27;xpath&#x27;, &quot;//span[contains(text(),&#x27;Registrar Infracción&#x27;)]&quot;)<br/>time = 30<br/><br/>    def element_to_be_clickable(self, driver, element, time=TIME_SECONDS_UNIT):<br/>        try:<br/>&gt;           return WebDriverWait(driver, time).until(<br/>                EC.element_to_be_clickable(element)<br/>            )<br/><br/>Utils\actions.py:10: <br/>_ _ _ _ _ _ _ _ _ _ _ _ _ _ _ _ _ _ _ _ _ _ _ _ _ _ _ _ _ _ _ _ _ _ _ _ _ _ _ _ <br/><br/>self = &lt;selenium.webdriver.support.wait.WebDriverWait (session=&quot;2413e305fc20e4ecb8506d3d49333bc2&quot;)&gt;, method = &lt;function element_to_be_clickable.&lt;locals&gt;._predicate at 0x000001BC7BCD1A20&gt;, message = &#x27;&#x27;<br/><br/>    def until(self, method, message: str = &quot;&quot;):<br/>        &quot;&quot;&quot;Calls the method provided with the driver as an argument until the \<br/>        return value does not evaluate to ``False``.<br/>    <br/>        :param method: callable(WebDriver)<br/>        :param message: optional message for :exc:`TimeoutException`<br/>        :returns: the result of the last call to `method`<br/>        :raises: :exc:`selenium.common.exceptions.TimeoutException` if timeout occurs<br/>        &quot;&quot;&quot;<br/>        screen = None<br/>        stacktrace = None<br/>    <br/>        end_time = time.monotonic() + self._timeout<br/>        while True:<br/>            try:<br/>                value = method(self._driver)<br/>                if value:<br/>                    return value<br/>            except self._ignored_exceptions as exc:<br/>                screen = getattr(exc, &quot;screen&quot;, None)<br/>                stacktrace = getattr(exc, &quot;stacktrace&quot;, None)<br/>            time.sleep(self._poll)<br/>            if time.monotonic() &gt; end_time:<br/>                break<br/>&gt;       raise TimeoutException(message, screen, stacktrace)<br/><span class="error">E       selenium.common.exceptions.TimeoutException: Message: </span><br/><span class="error">E       Stacktrace:</span><br/><span class="error">E       Backtrace:</span><br/><span class="error">E       	GetHandleVerifier [0x00E8A813+48355]</span><br/><span class="error">E       	(No symbol) [0x00E1C4B1]</span><br/><span class="error">E       	(No symbol) [0x00D25358]</span><br/><span class="error">E       	(No symbol) [0x00D509A5]</span><br/><span class="error">E       	(No symbol) [0x00D50B3B]</span><br/><span class="error">E       	(No symbol) [0x00D7E232]</span><br/><span class="error">E       	(No symbol) [0x00D6A784]</span><br/><span class="error">E       	(No symbol) [0x00D7C922]</span><br/><span class="error">E       	(No symbol) [0x00D6A536]</span><br/><span class="error">E       	(No symbol) [0x00D482DC]</span><br/><span class="error">E       	(No symbol) [0x00D493DD]</span><br/><span class="error">E       	GetHandleVerifier [0x010EAABD+2539405]</span><br/><span class="error">E       	GetHandleVerifier [0x0112A78F+2800735]</span><br/><span class="error">E       	GetHandleVerifier [0x0112456C+2775612]</span><br/><span class="error">E       	GetHandleVerifier [0x00F151E0+616112]</span><br/><span class="error">E       	(No symbol) [0x00E25F8C]</span><br/><span class="error">E       	(No symbol) [0x00E22328]</span><br/><span class="error">E       	(No symbol) [0x00E2240B]</span><br/><span class="error">E       	(No symbol) [0x00E14FF7]</span><br/><span class="error">E       	BaseThreadInitThunk [0x757900C9+25]</span><br/><span class="error">E       	RtlGetAppContainerNamedObjectPath [0x772E7B1E+286]</span><br/><span class="error">E       	RtlGetAppContainerNamedObjectPath [0x772E7AEE+238]</span><br/><br/>..\..\..\AppData\Local\Packages\PythonSoftwareFoundation.Python.3.10_qbz5n2kfra8p0\LocalCache\local-packages\Python310\site-packages\selenium\webdriver\support\wait.py:95: TimeoutException<br/><br/>During handling of the above exception, another exception occurred:<br/><br/>self = &lt;test_assistant_registration.TestAssistantRegistration object at 0x000001BC7BD7C880&gt;, driver = &lt;selenium.webdriver.chrome.webdriver.WebDriver (session=&quot;2413e305fc20e4ecb8506d3d49333bc2&quot;)&gt;, username = &#x27;404477902&#x27;<br/>password = &#x27;1qazxsw2.23&#x27;, document_number = &#x27;12345678&#x27;, ticket_number = &#x27;&#x27;<br/><br/>    @pytest.mark.parametrize(&quot;username, password, document_number, ticket_number&quot;, [(&quot;404477902&quot;, &quot;1qazxsw2.23&quot;,&quot;12345678&quot;, &quot;&quot;)])<br/>    @pytest.mark.EP1_CUR01505<br/>    def test_attendee_registration_field_enable_comparendo_number_field(self,driver, username, password, document_number, ticket_number):<br/>        &quot;&quot;&quot;<br/>        Verifica que el mensaje de error al no ingresar datos aparezca y que el campo comparendo se habilite<br/>        &quot;&quot;&quot;<br/>        assistant_registration_page = PageFactory.create_page(driver, &quot;assistant_registration&quot;)<br/>&gt;       self.base_test(driver, username, password, document_number, ticket_number ,assistant_registration_page)<br/><br/>tests\test_assistant_registration.py:37: <br/>_ _ _ _ _ _ _ _ _ _ _ _ _ _ _ _ _ _ _ _ _ _ _ _ _ _ _ _ _ _ _ _ _ _ _ _ _ _ _ _ <br/>tests\test_assistant_registration.py:24: in base_test<br/>    assistant_registration_page.click_record_violation_button()<br/>pages\assistant_registration.py:73: in click_record_violation_button<br/>    record_violation_element = self.actions.element_to_be_clickable(driver=self.driver, element=self.record_violation)<br/>_ _ _ _ _ _ _ _ _ _ _ _ _ _ _ _ _ _ _ _ _ _ _ _ _ _ _ _ _ _ _ _ _ _ _ _ _ _ _ _ <br/><br/>self = &lt;Utils.actions.Actions object at 0x000001BC7BD7E9B0&gt;, driver = &lt;selenium.webdriver.chrome.webdriver.WebDriver (session=&quot;2413e305fc20e4ecb8506d3d49333bc2&quot;)&gt;, element = (&#x27;xpath&#x27;, &quot;//span[contains(text(),&#x27;Registrar Infracción&#x27;)]&quot;)<br/>time = 30<br/><br/>    def element_to_be_clickable(self, driver, element, time=TIME_SECONDS_UNIT):<br/>        try:<br/>            return WebDriverWait(driver, time).until(<br/>                EC.element_to_be_clickable(element)<br/>            )<br/>        except TimeoutException:<br/>&gt;           raise Exception(f&quot;El elemento: {element}, no es clickeable después de {TIME_SECONDS_UNIT}&quot;)<br/><span class="error">E           Exception: El elemento: (&#x27;xpath&#x27;, &quot;//span[contains(text(),&#x27;Registrar Infracción&#x27;)]&quot;), no es clickeable después de 30</span><br/><br/>Utils\actions.py:14: Exception<br/> ----------------------------Captured stdout teardown---------------------------- <br/>pase
<br/></div></td></tr></tbody>
      <tbody class="failed results-table-row">
        <tr>
          <td class="col-result">Failed</td>
          <td class="col-name">tests/test_assistant_registration.py::TestAssistantRegistration::test_attendee_registration_field_enable_infraction_number_field[404477902-1qazxsw2.23-12345678-12345678901234567890]</td>
          <td class="col-duration">81.89</td>
          <td class="col-links"></td></tr>
        <tr>
          <td class="extra" colspan="4">
            <div class="log">self = &lt;Utils.actions.Actions object at 0x000001BC7BD7FD60&gt;, driver = &lt;selenium.webdriver.chrome.webdriver.WebDriver (session=&quot;9ee99293769ec6b1d59ffdd110d41476&quot;)&gt;, element = (&#x27;xpath&#x27;, &quot;//span[contains(text(),&#x27;Registrar Infracción&#x27;)]&quot;)<br/>time = 30<br/><br/>    def element_to_be_clickable(self, driver, element, time=TIME_SECONDS_UNIT):<br/>        try:<br/>&gt;           return WebDriverWait(driver, time).until(<br/>                EC.element_to_be_clickable(element)<br/>            )<br/><br/>Utils\actions.py:10: <br/>_ _ _ _ _ _ _ _ _ _ _ _ _ _ _ _ _ _ _ _ _ _ _ _ _ _ _ _ _ _ _ _ _ _ _ _ _ _ _ _ <br/><br/>self = &lt;selenium.webdriver.support.wait.WebDriverWait (session=&quot;9ee99293769ec6b1d59ffdd110d41476&quot;)&gt;, method = &lt;function element_to_be_clickable.&lt;locals&gt;._predicate at 0x000001BC7BDB2A70&gt;, message = &#x27;&#x27;<br/><br/>    def until(self, method, message: str = &quot;&quot;):<br/>        &quot;&quot;&quot;Calls the method provided with the driver as an argument until the \<br/>        return value does not evaluate to ``False``.<br/>    <br/>        :param method: callable(WebDriver)<br/>        :param message: optional message for :exc:`TimeoutException`<br/>        :returns: the result of the last call to `method`<br/>        :raises: :exc:`selenium.common.exceptions.TimeoutException` if timeout occurs<br/>        &quot;&quot;&quot;<br/>        screen = None<br/>        stacktrace = None<br/>    <br/>        end_time = time.monotonic() + self._timeout<br/>        while True:<br/>            try:<br/>                value = method(self._driver)<br/>                if value:<br/>                    return value<br/>            except self._ignored_exceptions as exc:<br/>                screen = getattr(exc, &quot;screen&quot;, None)<br/>                stacktrace = getattr(exc, &quot;stacktrace&quot;, None)<br/>            time.sleep(self._poll)<br/>            if time.monotonic() &gt; end_time:<br/>                break<br/>&gt;       raise TimeoutException(message, screen, stacktrace)<br/><span class="error">E       selenium.common.exceptions.TimeoutException: Message: </span><br/><span class="error">E       Stacktrace:</span><br/><span class="error">E       Backtrace:</span><br/><span class="error">E       	GetHandleVerifier [0x00E8A813+48355]</span><br/><span class="error">E       	(No symbol) [0x00E1C4B1]</span><br/><span class="error">E       	(No symbol) [0x00D25358]</span><br/><span class="error">E       	(No symbol) [0x00D509A5]</span><br/><span class="error">E       	(No symbol) [0x00D50B3B]</span><br/><span class="error">E       	(No symbol) [0x00D7E232]</span><br/><span class="error">E       	(No symbol) [0x00D6A784]</span><br/><span class="error">E       	(No symbol) [0x00D7C922]</span><br/><span class="error">E       	(No symbol) [0x00D6A536]</span><br/><span class="error">E       	(No symbol) [0x00D482DC]</span><br/><span class="error">E       	(No symbol) [0x00D493DD]</span><br/><span class="error">E       	GetHandleVerifier [0x010EAABD+2539405]</span><br/><span class="error">E       	GetHandleVerifier [0x0112A78F+2800735]</span><br/><span class="error">E       	GetHandleVerifier [0x0112456C+2775612]</span><br/><span class="error">E       	GetHandleVerifier [0x00F151E0+616112]</span><br/><span class="error">E       	(No symbol) [0x00E25F8C]</span><br/><span class="error">E       	(No symbol) [0x00E22328]</span><br/><span class="error">E       	(No symbol) [0x00E2240B]</span><br/><span class="error">E       	(No symbol) [0x00E14FF7]</span><br/><span class="error">E       	BaseThreadInitThunk [0x757900C9+25]</span><br/><span class="error">E       	RtlGetAppContainerNamedObjectPath [0x772E7B1E+286]</span><br/><span class="error">E       	RtlGetAppContainerNamedObjectPath [0x772E7AEE+238]</span><br/><br/>..\..\..\AppData\Local\Packages\PythonSoftwareFoundation.Python.3.10_qbz5n2kfra8p0\LocalCache\local-packages\Python310\site-packages\selenium\webdriver\support\wait.py:95: TimeoutException<br/><br/>During handling of the above exception, another exception occurred:<br/><br/>self = &lt;test_assistant_registration.TestAssistantRegistration object at 0x000001BC7BD7CC40&gt;, driver = &lt;selenium.webdriver.chrome.webdriver.WebDriver (session=&quot;9ee99293769ec6b1d59ffdd110d41476&quot;)&gt;, username = &#x27;404477902&#x27;<br/>password = &#x27;1qazxsw2.23&#x27;, document_number = &#x27;12345678&#x27;, ticket_number = &#x27;12345678901234567890&#x27;<br/><br/>    @pytest.mark.parametrize(&quot;username, password, document_number, ticket_number&quot;, [(&quot;404477902&quot;, &quot;1qazxsw2.23&quot;,&quot;12345678&quot;, &quot;12345678901234567890&quot;)])<br/>    @pytest.mark.EP2_CUR01505<br/>    def test_attendee_registration_field_enable_infraction_number_field(self,driver, username, password, document_number, ticket_number):<br/>        &quot;&quot;&quot;<br/>        Verifica que el campo de infracción se habilite luego de ingresar un numero de comparendo de 20 caractéres<br/>        &quot;&quot;&quot;<br/>        assistant_registration_page = PageFactory.create_page(driver, &quot;assistant_registration&quot;)<br/>&gt;       self.base_test(driver, username, password, document_number, ticket_number ,assistant_registration_page)<br/><br/>tests\test_assistant_registration.py:50: <br/>_ _ _ _ _ _ _ _ _ _ _ _ _ _ _ _ _ _ _ _ _ _ _ _ _ _ _ _ _ _ _ _ _ _ _ _ _ _ _ _ <br/>tests\test_assistant_registration.py:24: in base_test<br/>    assistant_registration_page.click_record_violation_button()<br/>pages\assistant_registration.py:73: in click_record_violation_button<br/>    record_violation_element = self.actions.element_to_be_clickable(driver=self.driver, element=self.record_violation)<br/>_ _ _ _ _ _ _ _ _ _ _ _ _ _ _ _ _ _ _ _ _ _ _ _ _ _ _ _ _ _ _ _ _ _ _ _ _ _ _ _ <br/><br/>self = &lt;Utils.actions.Actions object at 0x000001BC7BD7FD60&gt;, driver = &lt;selenium.webdriver.chrome.webdriver.WebDriver (session=&quot;9ee99293769ec6b1d59ffdd110d41476&quot;)&gt;, element = (&#x27;xpath&#x27;, &quot;//span[contains(text(),&#x27;Registrar Infracción&#x27;)]&quot;)<br/>time = 30<br/><br/>    def element_to_be_clickable(self, driver, element, time=TIME_SECONDS_UNIT):<br/>        try:<br/>            return WebDriverWait(driver, time).until(<br/>                EC.element_to_be_clickable(element)<br/>            )<br/>        except TimeoutException:<br/>&gt;           raise Exception(f&quot;El elemento: {element}, no es clickeable después de {TIME_SECONDS_UNIT}&quot;)<br/><span class="error">E           Exception: El elemento: (&#x27;xpath&#x27;, &quot;//span[contains(text(),&#x27;Registrar Infracción&#x27;)]&quot;), no es clickeable después de 30</span><br/><br/>Utils\actions.py:14: Exception<br/> ----------------------------Captured stdout teardown---------------------------- <br/>pase
<br/></div></td></tr></tbody>
      <tbody class="failed results-table-row">
        <tr>
          <td class="col-result">Failed</td>
          <td class="col-name">tests/test_assistant_registration.py::TestAssistantRegistration::test_attendee_registration_field_enable_comparendo_date[404477902-1qazxsw2.23-12345678-12345678901234567890]</td>
          <td class="col-duration">82.96</td>
          <td class="col-links"></td></tr>
        <tr>
          <td class="extra" colspan="4">
            <div class="log">self = &lt;Utils.actions.Actions object at 0x000001BC7C05BA30&gt;, driver = &lt;selenium.webdriver.chrome.webdriver.WebDriver (session=&quot;0455cac53d2642512f8b41ea29547437&quot;)&gt;, element = (&#x27;xpath&#x27;, &quot;//span[contains(text(),&#x27;Registrar Infracción&#x27;)]&quot;)<br/>time = 30<br/><br/>    def element_to_be_clickable(self, driver, element, time=TIME_SECONDS_UNIT):<br/>        try:<br/>&gt;           return WebDriverWait(driver, time).until(<br/>                EC.element_to_be_clickable(element)<br/>            )<br/><br/>Utils\actions.py:10: <br/>_ _ _ _ _ _ _ _ _ _ _ _ _ _ _ _ _ _ _ _ _ _ _ _ _ _ _ _ _ _ _ _ _ _ _ _ _ _ _ _ <br/><br/>self = &lt;selenium.webdriver.support.wait.WebDriverWait (session=&quot;0455cac53d2642512f8b41ea29547437&quot;)&gt;, method = &lt;function element_to_be_clickable.&lt;locals&gt;._predicate at 0x000001BC7BDB3370&gt;, message = &#x27;&#x27;<br/><br/>    def until(self, method, message: str = &quot;&quot;):<br/>        &quot;&quot;&quot;Calls the method provided with the driver as an argument until the \<br/>        return value does not evaluate to ``False``.<br/>    <br/>        :param method: callable(WebDriver)<br/>        :param message: optional message for :exc:`TimeoutException`<br/>        :returns: the result of the last call to `method`<br/>        :raises: :exc:`selenium.common.exceptions.TimeoutException` if timeout occurs<br/>        &quot;&quot;&quot;<br/>        screen = None<br/>        stacktrace = None<br/>    <br/>        end_time = time.monotonic() + self._timeout<br/>        while True:<br/>            try:<br/>                value = method(self._driver)<br/>                if value:<br/>                    return value<br/>            except self._ignored_exceptions as exc:<br/>                screen = getattr(exc, &quot;screen&quot;, None)<br/>                stacktrace = getattr(exc, &quot;stacktrace&quot;, None)<br/>            time.sleep(self._poll)<br/>            if time.monotonic() &gt; end_time:<br/>                break<br/>&gt;       raise TimeoutException(message, screen, stacktrace)<br/><span class="error">E       selenium.common.exceptions.TimeoutException: Message: </span><br/><span class="error">E       Stacktrace:</span><br/><span class="error">E       Backtrace:</span><br/><span class="error">E       	GetHandleVerifier [0x00E8A813+48355]</span><br/><span class="error">E       	(No symbol) [0x00E1C4B1]</span><br/><span class="error">E       	(No symbol) [0x00D25358]</span><br/><span class="error">E       	(No symbol) [0x00D509A5]</span><br/><span class="error">E       	(No symbol) [0x00D50B3B]</span><br/><span class="error">E       	(No symbol) [0x00D7E232]</span><br/><span class="error">E       	(No symbol) [0x00D6A784]</span><br/><span class="error">E       	(No symbol) [0x00D7C922]</span><br/><span class="error">E       	(No symbol) [0x00D6A536]</span><br/><span class="error">E       	(No symbol) [0x00D482DC]</span><br/><span class="error">E       	(No symbol) [0x00D493DD]</span><br/><span class="error">E       	GetHandleVerifier [0x010EAABD+2539405]</span><br/><span class="error">E       	GetHandleVerifier [0x0112A78F+2800735]</span><br/><span class="error">E       	GetHandleVerifier [0x0112456C+2775612]</span><br/><span class="error">E       	GetHandleVerifier [0x00F151E0+616112]</span><br/><span class="error">E       	(No symbol) [0x00E25F8C]</span><br/><span class="error">E       	(No symbol) [0x00E22328]</span><br/><span class="error">E       	(No symbol) [0x00E2240B]</span><br/><span class="error">E       	(No symbol) [0x00E14FF7]</span><br/><span class="error">E       	BaseThreadInitThunk [0x757900C9+25]</span><br/><span class="error">E       	RtlGetAppContainerNamedObjectPath [0x772E7B1E+286]</span><br/><span class="error">E       	RtlGetAppContainerNamedObjectPath [0x772E7AEE+238]</span><br/><br/>..\..\..\AppData\Local\Packages\PythonSoftwareFoundation.Python.3.10_qbz5n2kfra8p0\LocalCache\local-packages\Python310\site-packages\selenium\webdriver\support\wait.py:95: TimeoutException<br/><br/>During handling of the above exception, another exception occurred:<br/><br/>self = &lt;test_assistant_registration.TestAssistantRegistration object at 0x000001BC7BD7CEE0&gt;, driver = &lt;selenium.webdriver.chrome.webdriver.WebDriver (session=&quot;0455cac53d2642512f8b41ea29547437&quot;)&gt;, username = &#x27;404477902&#x27;<br/>password = &#x27;1qazxsw2.23&#x27;, document_number = &#x27;12345678&#x27;, ticket_number = &#x27;12345678901234567890&#x27;<br/><br/>    @pytest.mark.parametrize(&quot;username, password, document_number, ticket_number&quot;, [(&quot;404477902&quot;, &quot;1qazxsw2.23&quot;,&quot;12345678&quot;, &quot;12345678901234567890&quot;)])<br/>    @pytest.mark.EP3_CUR01505<br/>    def test_attendee_registration_field_enable_comparendo_date(self,driver, username, password, document_number, ticket_number):<br/>        &quot;&quot;&quot;<br/>        Verifica que el campo de fecha de comparendo se habilite luego de ingresar un numero de comparendo de 20 caractéres<br/>        &quot;&quot;&quot;<br/>        assistant_registration_page = PageFactory.create_page(driver, &quot;assistant_registration&quot;)<br/>&gt;       self.base_test(driver, username, password, document_number, ticket_number ,assistant_registration_page)<br/><br/>tests\test_assistant_registration.py:63: <br/>_ _ _ _ _ _ _ _ _ _ _ _ _ _ _ _ _ _ _ _ _ _ _ _ _ _ _ _ _ _ _ _ _ _ _ _ _ _ _ _ <br/>tests\test_assistant_registration.py:24: in base_test<br/>    assistant_registration_page.click_record_violation_button()<br/>pages\assistant_registration.py:73: in click_record_violation_button<br/>    record_violation_element = self.actions.element_to_be_clickable(driver=self.driver, element=self.record_violation)<br/>_ _ _ _ _ _ _ _ _ _ _ _ _ _ _ _ _ _ _ _ _ _ _ _ _ _ _ _ _ _ _ _ _ _ _ _ _ _ _ _ <br/><br/>self = &lt;Utils.actions.Actions object at 0x000001BC7C05BA30&gt;, driver = &lt;selenium.webdriver.chrome.webdriver.WebDriver (session=&quot;0455cac53d2642512f8b41ea29547437&quot;)&gt;, element = (&#x27;xpath&#x27;, &quot;//span[contains(text(),&#x27;Registrar Infracción&#x27;)]&quot;)<br/>time = 30<br/><br/>    def element_to_be_clickable(self, driver, element, time=TIME_SECONDS_UNIT):<br/>        try:<br/>            return WebDriverWait(driver, time).until(<br/>                EC.element_to_be_clickable(element)<br/>            )<br/>        except TimeoutException:<br/>&gt;           raise Exception(f&quot;El elemento: {element}, no es clickeable después de {TIME_SECONDS_UNIT}&quot;)<br/><span class="error">E           Exception: El elemento: (&#x27;xpath&#x27;, &quot;//span[contains(text(),&#x27;Registrar Infracción&#x27;)]&quot;), no es clickeable después de 30</span><br/><br/>Utils\actions.py:14: Exception<br/> ----------------------------Captured stdout teardown---------------------------- <br/>pase
<br/></div></td></tr></tbody>
      <tbody class="failed results-table-row">
        <tr>
          <td class="col-result">Failed</td>
          <td class="col-name">tests/test_assistant_registration.py::TestAssistantRegistration::test_attendee_registration_field_enable_entity[404477902-1qazxsw2.23-12345678-12345678901234567890]</td>
          <td class="col-duration">81.94</td>
          <td class="col-links"></td></tr>
        <tr>
          <td class="extra" colspan="4">
            <div class="log">self = &lt;Utils.actions.Actions object at 0x000001BC7C0C3730&gt;, driver = &lt;selenium.webdriver.chrome.webdriver.WebDriver (session=&quot;c88fdc174a98aa1e28cdd95990037262&quot;)&gt;, element = (&#x27;xpath&#x27;, &quot;//span[contains(text(),&#x27;Registrar Infracción&#x27;)]&quot;)<br/>time = 30<br/><br/>    def element_to_be_clickable(self, driver, element, time=TIME_SECONDS_UNIT):<br/>        try:<br/>&gt;           return WebDriverWait(driver, time).until(<br/>                EC.element_to_be_clickable(element)<br/>            )<br/><br/>Utils\actions.py:10: <br/>_ _ _ _ _ _ _ _ _ _ _ _ _ _ _ _ _ _ _ _ _ _ _ _ _ _ _ _ _ _ _ _ _ _ _ _ _ _ _ _ <br/><br/>self = &lt;selenium.webdriver.support.wait.WebDriverWait (session=&quot;c88fdc174a98aa1e28cdd95990037262&quot;)&gt;, method = &lt;function element_to_be_clickable.&lt;locals&gt;._predicate at 0x000001BC7BDB37F0&gt;, message = &#x27;&#x27;<br/><br/>    def until(self, method, message: str = &quot;&quot;):<br/>        &quot;&quot;&quot;Calls the method provided with the driver as an argument until the \<br/>        return value does not evaluate to ``False``.<br/>    <br/>        :param method: callable(WebDriver)<br/>        :param message: optional message for :exc:`TimeoutException`<br/>        :returns: the result of the last call to `method`<br/>        :raises: :exc:`selenium.common.exceptions.TimeoutException` if timeout occurs<br/>        &quot;&quot;&quot;<br/>        screen = None<br/>        stacktrace = None<br/>    <br/>        end_time = time.monotonic() + self._timeout<br/>        while True:<br/>            try:<br/>                value = method(self._driver)<br/>                if value:<br/>                    return value<br/>            except self._ignored_exceptions as exc:<br/>                screen = getattr(exc, &quot;screen&quot;, None)<br/>                stacktrace = getattr(exc, &quot;stacktrace&quot;, None)<br/>            time.sleep(self._poll)<br/>            if time.monotonic() &gt; end_time:<br/>                break<br/>&gt;       raise TimeoutException(message, screen, stacktrace)<br/><span class="error">E       selenium.common.exceptions.TimeoutException: Message: </span><br/><span class="error">E       Stacktrace:</span><br/><span class="error">E       Backtrace:</span><br/><span class="error">E       	GetHandleVerifier [0x00E8A813+48355]</span><br/><span class="error">E       	(No symbol) [0x00E1C4B1]</span><br/><span class="error">E       	(No symbol) [0x00D25358]</span><br/><span class="error">E       	(No symbol) [0x00D509A5]</span><br/><span class="error">E       	(No symbol) [0x00D50B3B]</span><br/><span class="error">E       	(No symbol) [0x00D7E232]</span><br/><span class="error">E       	(No symbol) [0x00D6A784]</span><br/><span class="error">E       	(No symbol) [0x00D7C922]</span><br/><span class="error">E       	(No symbol) [0x00D6A536]</span><br/><span class="error">E       	(No symbol) [0x00D482DC]</span><br/><span class="error">E       	(No symbol) [0x00D493DD]</span><br/><span class="error">E       	GetHandleVerifier [0x010EAABD+2539405]</span><br/><span class="error">E       	GetHandleVerifier [0x0112A78F+2800735]</span><br/><span class="error">E       	GetHandleVerifier [0x0112456C+2775612]</span><br/><span class="error">E       	GetHandleVerifier [0x00F151E0+616112]</span><br/><span class="error">E       	(No symbol) [0x00E25F8C]</span><br/><span class="error">E       	(No symbol) [0x00E22328]</span><br/><span class="error">E       	(No symbol) [0x00E2240B]</span><br/><span class="error">E       	(No symbol) [0x00E14FF7]</span><br/><span class="error">E       	BaseThreadInitThunk [0x757900C9+25]</span><br/><span class="error">E       	RtlGetAppContainerNamedObjectPath [0x772E7B1E+286]</span><br/><span class="error">E       	RtlGetAppContainerNamedObjectPath [0x772E7AEE+238]</span><br/><br/>..\..\..\AppData\Local\Packages\PythonSoftwareFoundation.Python.3.10_qbz5n2kfra8p0\LocalCache\local-packages\Python310\site-packages\selenium\webdriver\support\wait.py:95: TimeoutException<br/><br/>During handling of the above exception, another exception occurred:<br/><br/>self = &lt;test_assistant_registration.TestAssistantRegistration object at 0x000001BC7BD7D180&gt;, driver = &lt;selenium.webdriver.chrome.webdriver.WebDriver (session=&quot;c88fdc174a98aa1e28cdd95990037262&quot;)&gt;, username = &#x27;404477902&#x27;<br/>password = &#x27;1qazxsw2.23&#x27;, document_number = &#x27;12345678&#x27;, ticket_number = &#x27;12345678901234567890&#x27;<br/><br/>    @pytest.mark.parametrize(&quot;username, password, document_number, ticket_number&quot;, [(&quot;404477902&quot;, &quot;1qazxsw2.23&quot;,&quot;12345678&quot;, &quot;12345678901234567890&quot;)])<br/>    @pytest.mark.EP4_CUR01505<br/>    def test_attendee_registration_field_enable_entity(self,driver, username, password, document_number, ticket_number):<br/>        &quot;&quot;&quot;<br/>        Verifica que el campo de entidad se habilite luego de ingresar un numero de comparendo de 20 caractéres<br/>        &quot;&quot;&quot;<br/>        assistant_registration_page = PageFactory.create_page(driver, &quot;assistant_registration&quot;)<br/>&gt;       self.base_test(driver, username, password, document_number, ticket_number ,assistant_registration_page)<br/><br/>tests\test_assistant_registration.py:76: <br/>_ _ _ _ _ _ _ _ _ _ _ _ _ _ _ _ _ _ _ _ _ _ _ _ _ _ _ _ _ _ _ _ _ _ _ _ _ _ _ _ <br/>tests\test_assistant_registration.py:24: in base_test<br/>    assistant_registration_page.click_record_violation_button()<br/>pages\assistant_registration.py:73: in click_record_violation_button<br/>    record_violation_element = self.actions.element_to_be_clickable(driver=self.driver, element=self.record_violation)<br/>_ _ _ _ _ _ _ _ _ _ _ _ _ _ _ _ _ _ _ _ _ _ _ _ _ _ _ _ _ _ _ _ _ _ _ _ _ _ _ _ <br/><br/>self = &lt;Utils.actions.Actions object at 0x000001BC7C0C3730&gt;, driver = &lt;selenium.webdriver.chrome.webdriver.WebDriver (session=&quot;c88fdc174a98aa1e28cdd95990037262&quot;)&gt;, element = (&#x27;xpath&#x27;, &quot;//span[contains(text(),&#x27;Registrar Infracción&#x27;)]&quot;)<br/>time = 30<br/><br/>    def element_to_be_clickable(self, driver, element, time=TIME_SECONDS_UNIT):<br/>        try:<br/>            return WebDriverWait(driver, time).until(<br/>                EC.element_to_be_clickable(element)<br/>            )<br/>        except TimeoutException:<br/>&gt;           raise Exception(f&quot;El elemento: {element}, no es clickeable después de {TIME_SECONDS_UNIT}&quot;)<br/><span class="error">E           Exception: El elemento: (&#x27;xpath&#x27;, &quot;//span[contains(text(),&#x27;Registrar Infracción&#x27;)]&quot;), no es clickeable después de 30</span><br/><br/>Utils\actions.py:14: Exception<br/> ----------------------------Captured stdout teardown---------------------------- <br/>pase
<br/></div></td></tr></tbody>
      <tbody class="failed results-table-row">
        <tr>
          <td class="col-result">Failed</td>
          <td class="col-name">tests/test_assistant_registration.py::TestAssistantRegistration::test_attendee_registration_field_enable_transit_organism[404477902-1qazxsw2.23-12345678-12345678901234567890]</td>
          <td class="col-duration">82.88</td>
          <td class="col-links"></td></tr>
        <tr>
          <td class="extra" colspan="4">
            <div class="log">self = &lt;Utils.actions.Actions object at 0x000001BC7B5EEBF0&gt;, driver = &lt;selenium.webdriver.chrome.webdriver.WebDriver (session=&quot;46c2153b8677e7a0d5700ff790fdaa60&quot;)&gt;, element = (&#x27;xpath&#x27;, &quot;//span[contains(text(),&#x27;Registrar Infracción&#x27;)]&quot;)<br/>time = 30<br/><br/>    def element_to_be_clickable(self, driver, element, time=TIME_SECONDS_UNIT):<br/>        try:<br/>&gt;           return WebDriverWait(driver, time).until(<br/>                EC.element_to_be_clickable(element)<br/>            )<br/><br/>Utils\actions.py:10: <br/>_ _ _ _ _ _ _ _ _ _ _ _ _ _ _ _ _ _ _ _ _ _ _ _ _ _ _ _ _ _ _ _ _ _ _ _ _ _ _ _ <br/><br/>self = &lt;selenium.webdriver.support.wait.WebDriverWait (session=&quot;46c2153b8677e7a0d5700ff790fdaa60&quot;)&gt;, method = &lt;function element_to_be_clickable.&lt;locals&gt;._predicate at 0x000001BC7BDB11B0&gt;, message = &#x27;&#x27;<br/><br/>    def until(self, method, message: str = &quot;&quot;):<br/>        &quot;&quot;&quot;Calls the method provided with the driver as an argument until the \<br/>        return value does not evaluate to ``False``.<br/>    <br/>        :param method: callable(WebDriver)<br/>        :param message: optional message for :exc:`TimeoutException`<br/>        :returns: the result of the last call to `method`<br/>        :raises: :exc:`selenium.common.exceptions.TimeoutException` if timeout occurs<br/>        &quot;&quot;&quot;<br/>        screen = None<br/>        stacktrace = None<br/>    <br/>        end_time = time.monotonic() + self._timeout<br/>        while True:<br/>            try:<br/>                value = method(self._driver)<br/>                if value:<br/>                    return value<br/>            except self._ignored_exceptions as exc:<br/>                screen = getattr(exc, &quot;screen&quot;, None)<br/>                stacktrace = getattr(exc, &quot;stacktrace&quot;, None)<br/>            time.sleep(self._poll)<br/>            if time.monotonic() &gt; end_time:<br/>                break<br/>&gt;       raise TimeoutException(message, screen, stacktrace)<br/><span class="error">E       selenium.common.exceptions.TimeoutException: Message: </span><br/><span class="error">E       Stacktrace:</span><br/><span class="error">E       Backtrace:</span><br/><span class="error">E       	GetHandleVerifier [0x00E8A813+48355]</span><br/><span class="error">E       	(No symbol) [0x00E1C4B1]</span><br/><span class="error">E       	(No symbol) [0x00D25358]</span><br/><span class="error">E       	(No symbol) [0x00D509A5]</span><br/><span class="error">E       	(No symbol) [0x00D50B3B]</span><br/><span class="error">E       	(No symbol) [0x00D7E232]</span><br/><span class="error">E       	(No symbol) [0x00D6A784]</span><br/><span class="error">E       	(No symbol) [0x00D7C922]</span><br/><span class="error">E       	(No symbol) [0x00D6A536]</span><br/><span class="error">E       	(No symbol) [0x00D482DC]</span><br/><span class="error">E       	(No symbol) [0x00D493DD]</span><br/><span class="error">E       	GetHandleVerifier [0x010EAABD+2539405]</span><br/><span class="error">E       	GetHandleVerifier [0x0112A78F+2800735]</span><br/><span class="error">E       	GetHandleVerifier [0x0112456C+2775612]</span><br/><span class="error">E       	GetHandleVerifier [0x00F151E0+616112]</span><br/><span class="error">E       	(No symbol) [0x00E25F8C]</span><br/><span class="error">E       	(No symbol) [0x00E22328]</span><br/><span class="error">E       	(No symbol) [0x00E2240B]</span><br/><span class="error">E       	(No symbol) [0x00E14FF7]</span><br/><span class="error">E       	BaseThreadInitThunk [0x757900C9+25]</span><br/><span class="error">E       	RtlGetAppContainerNamedObjectPath [0x772E7B1E+286]</span><br/><span class="error">E       	RtlGetAppContainerNamedObjectPath [0x772E7AEE+238]</span><br/><br/>..\..\..\AppData\Local\Packages\PythonSoftwareFoundation.Python.3.10_qbz5n2kfra8p0\LocalCache\local-packages\Python310\site-packages\selenium\webdriver\support\wait.py:95: TimeoutException<br/><br/>During handling of the above exception, another exception occurred:<br/><br/>self = &lt;test_assistant_registration.TestAssistantRegistration object at 0x000001BC7BD7D420&gt;, driver = &lt;selenium.webdriver.chrome.webdriver.WebDriver (session=&quot;46c2153b8677e7a0d5700ff790fdaa60&quot;)&gt;, username = &#x27;404477902&#x27;<br/>password = &#x27;1qazxsw2.23&#x27;, document_number = &#x27;12345678&#x27;, ticket_number = &#x27;12345678901234567890&#x27;<br/><br/>    @pytest.mark.parametrize(&quot;username, password, document_number, ticket_number&quot;, [(&quot;404477902&quot;, &quot;1qazxsw2.23&quot;,&quot;12345678&quot;, &quot;12345678901234567890&quot;)])<br/>    @pytest.mark.EP5_CUR01505<br/>    def test_attendee_registration_field_enable_transit_organism(self,driver, username, password, document_number, ticket_number):<br/>        &quot;&quot;&quot;<br/>        Verifica que el campo de Organismo de Transito se habilite luego de ingresar un numero de comparendo de 20 caractéres<br/>        &quot;&quot;&quot;<br/>        assistant_registration_page = PageFactory.create_page(driver, &quot;assistant_registration&quot;)<br/>&gt;       self.base_test(driver, username, password, document_number, ticket_number ,assistant_registration_page)<br/><br/>tests\test_assistant_registration.py:89: <br/>_ _ _ _ _ _ _ _ _ _ _ _ _ _ _ _ _ _ _ _ _ _ _ _ _ _ _ _ _ _ _ _ _ _ _ _ _ _ _ _ <br/>tests\test_assistant_registration.py:24: in base_test<br/>    assistant_registration_page.click_record_violation_button()<br/>pages\assistant_registration.py:73: in click_record_violation_button<br/>    record_violation_element = self.actions.element_to_be_clickable(driver=self.driver, element=self.record_violation)<br/>_ _ _ _ _ _ _ _ _ _ _ _ _ _ _ _ _ _ _ _ _ _ _ _ _ _ _ _ _ _ _ _ _ _ _ _ _ _ _ _ <br/><br/>self = &lt;Utils.actions.Actions object at 0x000001BC7B5EEBF0&gt;, driver = &lt;selenium.webdriver.chrome.webdriver.WebDriver (session=&quot;46c2153b8677e7a0d5700ff790fdaa60&quot;)&gt;, element = (&#x27;xpath&#x27;, &quot;//span[contains(text(),&#x27;Registrar Infracción&#x27;)]&quot;)<br/>time = 30<br/><br/>    def element_to_be_clickable(self, driver, element, time=TIME_SECONDS_UNIT):<br/>        try:<br/>            return WebDriverWait(driver, time).until(<br/>                EC.element_to_be_clickable(element)<br/>            )<br/>        except TimeoutException:<br/>&gt;           raise Exception(f&quot;El elemento: {element}, no es clickeable después de {TIME_SECONDS_UNIT}&quot;)<br/><span class="error">E           Exception: El elemento: (&#x27;xpath&#x27;, &quot;//span[contains(text(),&#x27;Registrar Infracción&#x27;)]&quot;), no es clickeable después de 30</span><br/><br/>Utils\actions.py:14: Exception<br/> ----------------------------Captured stdout teardown---------------------------- <br/>pase
<br/></div></td></tr></tbody>
      <tbody class="failed results-table-row">
        <tr>
          <td class="col-result">Failed</td>
          <td class="col-name">tests/test_assistant_registration.py::TestAssistantRegistration::test_attendee_registration_comparendo_not_registered[404477902-1qazxsw2.23-12345678-17345678901254267690]</td>
          <td class="col-duration">80.78</td>
          <td class="col-links"></td></tr>
        <tr>
          <td class="extra" colspan="4">
            <div class="log">self = &lt;Utils.actions.Actions object at 0x000001BC7C0C5A20&gt;, driver = &lt;selenium.webdriver.chrome.webdriver.WebDriver (session=&quot;38047a56a74cb889d9c82782ac013538&quot;)&gt;, element = (&#x27;xpath&#x27;, &quot;//span[contains(text(),&#x27;Registrar Infracción&#x27;)]&quot;)<br/>time = 30<br/><br/>    def element_to_be_clickable(self, driver, element, time=TIME_SECONDS_UNIT):<br/>        try:<br/>&gt;           return WebDriverWait(driver, time).until(<br/>                EC.element_to_be_clickable(element)<br/>            )<br/><br/>Utils\actions.py:10: <br/>_ _ _ _ _ _ _ _ _ _ _ _ _ _ _ _ _ _ _ _ _ _ _ _ _ _ _ _ _ _ _ _ _ _ _ _ _ _ _ _ <br/><br/>self = &lt;selenium.webdriver.support.wait.WebDriverWait (session=&quot;38047a56a74cb889d9c82782ac013538&quot;)&gt;, method = &lt;function element_to_be_clickable.&lt;locals&gt;._predicate at 0x000001BC7BDB3520&gt;, message = &#x27;&#x27;<br/><br/>    def until(self, method, message: str = &quot;&quot;):<br/>        &quot;&quot;&quot;Calls the method provided with the driver as an argument until the \<br/>        return value does not evaluate to ``False``.<br/>    <br/>        :param method: callable(WebDriver)<br/>        :param message: optional message for :exc:`TimeoutException`<br/>        :returns: the result of the last call to `method`<br/>        :raises: :exc:`selenium.common.exceptions.TimeoutException` if timeout occurs<br/>        &quot;&quot;&quot;<br/>        screen = None<br/>        stacktrace = None<br/>    <br/>        end_time = time.monotonic() + self._timeout<br/>        while True:<br/>            try:<br/>                value = method(self._driver)<br/>                if value:<br/>                    return value<br/>            except self._ignored_exceptions as exc:<br/>                screen = getattr(exc, &quot;screen&quot;, None)<br/>                stacktrace = getattr(exc, &quot;stacktrace&quot;, None)<br/>            time.sleep(self._poll)<br/>            if time.monotonic() &gt; end_time:<br/>                break<br/>&gt;       raise TimeoutException(message, screen, stacktrace)<br/><span class="error">E       selenium.common.exceptions.TimeoutException: Message: </span><br/><span class="error">E       Stacktrace:</span><br/><span class="error">E       Backtrace:</span><br/><span class="error">E       	GetHandleVerifier [0x00E8A813+48355]</span><br/><span class="error">E       	(No symbol) [0x00E1C4B1]</span><br/><span class="error">E       	(No symbol) [0x00D25358]</span><br/><span class="error">E       	(No symbol) [0x00D509A5]</span><br/><span class="error">E       	(No symbol) [0x00D50B3B]</span><br/><span class="error">E       	(No symbol) [0x00D7E232]</span><br/><span class="error">E       	(No symbol) [0x00D6A784]</span><br/><span class="error">E       	(No symbol) [0x00D7C922]</span><br/><span class="error">E       	(No symbol) [0x00D6A536]</span><br/><span class="error">E       	(No symbol) [0x00D482DC]</span><br/><span class="error">E       	(No symbol) [0x00D493DD]</span><br/><span class="error">E       	GetHandleVerifier [0x010EAABD+2539405]</span><br/><span class="error">E       	GetHandleVerifier [0x0112A78F+2800735]</span><br/><span class="error">E       	GetHandleVerifier [0x0112456C+2775612]</span><br/><span class="error">E       	GetHandleVerifier [0x00F151E0+616112]</span><br/><span class="error">E       	(No symbol) [0x00E25F8C]</span><br/><span class="error">E       	(No symbol) [0x00E22328]</span><br/><span class="error">E       	(No symbol) [0x00E2240B]</span><br/><span class="error">E       	(No symbol) [0x00E14FF7]</span><br/><span class="error">E       	BaseThreadInitThunk [0x757900C9+25]</span><br/><span class="error">E       	RtlGetAppContainerNamedObjectPath [0x772E7B1E+286]</span><br/><span class="error">E       	RtlGetAppContainerNamedObjectPath [0x772E7AEE+238]</span><br/><br/>..\..\..\AppData\Local\Packages\PythonSoftwareFoundation.Python.3.10_qbz5n2kfra8p0\LocalCache\local-packages\Python310\site-packages\selenium\webdriver\support\wait.py:95: TimeoutException<br/><br/>During handling of the above exception, another exception occurred:<br/><br/>self = &lt;test_assistant_registration.TestAssistantRegistration object at 0x000001BC7BD7D6C0&gt;, driver = &lt;selenium.webdriver.chrome.webdriver.WebDriver (session=&quot;38047a56a74cb889d9c82782ac013538&quot;)&gt;, username = &#x27;404477902&#x27;<br/>password = &#x27;1qazxsw2.23&#x27;, document_number = &#x27;12345678&#x27;, ticket_number = &#x27;17345678901254267690&#x27;<br/><br/>    @pytest.mark.parametrize(&quot;username, password, document_number, ticket_number&quot;, [(&quot;404477902&quot;, &quot;1qazxsw2.23&quot;,&quot;12345678&quot;, &quot;17345678901254267690&quot;)])<br/>    @pytest.mark.EP7_CUR01505<br/>    def test_attendee_registration_comparendo_not_registered(self,driver, username, password, document_number, ticket_number):<br/>        &quot;&quot;&quot;<br/>        Validar que el comparendo no se encuentre registrado en esta u otro establecimiento. Funcionario CIA.<br/>        &quot;&quot;&quot;<br/>        assistant_registration_page = PageFactory.create_page(driver, &quot;assistant_registration&quot;)<br/>&gt;       self.base_test(driver, username, password, document_number, ticket_number ,assistant_registration_page)<br/><br/>tests\test_assistant_registration.py:102: <br/>_ _ _ _ _ _ _ _ _ _ _ _ _ _ _ _ _ _ _ _ _ _ _ _ _ _ _ _ _ _ _ _ _ _ _ _ _ _ _ _ <br/>tests\test_assistant_registration.py:24: in base_test<br/>    assistant_registration_page.click_record_violation_button()<br/>pages\assistant_registration.py:73: in click_record_violation_button<br/>    record_violation_element = self.actions.element_to_be_clickable(driver=self.driver, element=self.record_violation)<br/>_ _ _ _ _ _ _ _ _ _ _ _ _ _ _ _ _ _ _ _ _ _ _ _ _ _ _ _ _ _ _ _ _ _ _ _ _ _ _ _ <br/><br/>self = &lt;Utils.actions.Actions object at 0x000001BC7C0C5A20&gt;, driver = &lt;selenium.webdriver.chrome.webdriver.WebDriver (session=&quot;38047a56a74cb889d9c82782ac013538&quot;)&gt;, element = (&#x27;xpath&#x27;, &quot;//span[contains(text(),&#x27;Registrar Infracción&#x27;)]&quot;)<br/>time = 30<br/><br/>    def element_to_be_clickable(self, driver, element, time=TIME_SECONDS_UNIT):<br/>        try:<br/>            return WebDriverWait(driver, time).until(<br/>                EC.element_to_be_clickable(element)<br/>            )<br/>        except TimeoutException:<br/>&gt;           raise Exception(f&quot;El elemento: {element}, no es clickeable después de {TIME_SECONDS_UNIT}&quot;)<br/><span class="error">E           Exception: El elemento: (&#x27;xpath&#x27;, &quot;//span[contains(text(),&#x27;Registrar Infracción&#x27;)]&quot;), no es clickeable después de 30</span><br/><br/>Utils\actions.py:14: Exception<br/> ----------------------------Captured stdout teardown---------------------------- <br/>pase
<br/></div></td></tr></tbody>
      <tbody class="failed results-table-row">
        <tr>
          <td class="col-result">Failed</td>
          <td class="col-name">tests/test_assistant_registration.py::TestAssistantRegistration::test_attendee_registration_field_enable_all_fields[404477902-1qazxsw2.23-12345678-17345678901254267690]</td>
          <td class="col-duration">80.70</td>
          <td class="col-links"></td></tr>
        <tr>
          <td class="extra" colspan="4">
            <div class="log">self = &lt;Utils.actions.Actions object at 0x000001BC7BCC1CF0&gt;, driver = &lt;selenium.webdriver.chrome.webdriver.WebDriver (session=&quot;3201d13b0dd84ba5a837d676c8260c16&quot;)&gt;, element = (&#x27;xpath&#x27;, &quot;//span[contains(text(),&#x27;Registrar Infracción&#x27;)]&quot;)<br/>time = 30<br/><br/>    def element_to_be_clickable(self, driver, element, time=TIME_SECONDS_UNIT):<br/>        try:<br/>&gt;           return WebDriverWait(driver, time).until(<br/>                EC.element_to_be_clickable(element)<br/>            )<br/><br/>Utils\actions.py:10: <br/>_ _ _ _ _ _ _ _ _ _ _ _ _ _ _ _ _ _ _ _ _ _ _ _ _ _ _ _ _ _ _ _ _ _ _ _ _ _ _ _ <br/><br/>self = &lt;selenium.webdriver.support.wait.WebDriverWait (session=&quot;3201d13b0dd84ba5a837d676c8260c16&quot;)&gt;, method = &lt;function element_to_be_clickable.&lt;locals&gt;._predicate at 0x000001BC7BDB1120&gt;, message = &#x27;&#x27;<br/><br/>    def until(self, method, message: str = &quot;&quot;):<br/>        &quot;&quot;&quot;Calls the method provided with the driver as an argument until the \<br/>        return value does not evaluate to ``False``.<br/>    <br/>        :param method: callable(WebDriver)<br/>        :param message: optional message for :exc:`TimeoutException`<br/>        :returns: the result of the last call to `method`<br/>        :raises: :exc:`selenium.common.exceptions.TimeoutException` if timeout occurs<br/>        &quot;&quot;&quot;<br/>        screen = None<br/>        stacktrace = None<br/>    <br/>        end_time = time.monotonic() + self._timeout<br/>        while True:<br/>            try:<br/>                value = method(self._driver)<br/>                if value:<br/>                    return value<br/>            except self._ignored_exceptions as exc:<br/>                screen = getattr(exc, &quot;screen&quot;, None)<br/>                stacktrace = getattr(exc, &quot;stacktrace&quot;, None)<br/>            time.sleep(self._poll)<br/>            if time.monotonic() &gt; end_time:<br/>                break<br/>&gt;       raise TimeoutException(message, screen, stacktrace)<br/><span class="error">E       selenium.common.exceptions.TimeoutException: Message: </span><br/><span class="error">E       Stacktrace:</span><br/><span class="error">E       Backtrace:</span><br/><span class="error">E       	GetHandleVerifier [0x00E8A813+48355]</span><br/><span class="error">E       	(No symbol) [0x00E1C4B1]</span><br/><span class="error">E       	(No symbol) [0x00D25358]</span><br/><span class="error">E       	(No symbol) [0x00D509A5]</span><br/><span class="error">E       	(No symbol) [0x00D50B3B]</span><br/><span class="error">E       	(No symbol) [0x00D7E232]</span><br/><span class="error">E       	(No symbol) [0x00D6A784]</span><br/><span class="error">E       	(No symbol) [0x00D7C922]</span><br/><span class="error">E       	(No symbol) [0x00D6A536]</span><br/><span class="error">E       	(No symbol) [0x00D482DC]</span><br/><span class="error">E       	(No symbol) [0x00D493DD]</span><br/><span class="error">E       	GetHandleVerifier [0x010EAABD+2539405]</span><br/><span class="error">E       	GetHandleVerifier [0x0112A78F+2800735]</span><br/><span class="error">E       	GetHandleVerifier [0x0112456C+2775612]</span><br/><span class="error">E       	GetHandleVerifier [0x00F151E0+616112]</span><br/><span class="error">E       	(No symbol) [0x00E25F8C]</span><br/><span class="error">E       	(No symbol) [0x00E22328]</span><br/><span class="error">E       	(No symbol) [0x00E2240B]</span><br/><span class="error">E       	(No symbol) [0x00E14FF7]</span><br/><span class="error">E       	BaseThreadInitThunk [0x757900C9+25]</span><br/><span class="error">E       	RtlGetAppContainerNamedObjectPath [0x772E7B1E+286]</span><br/><span class="error">E       	RtlGetAppContainerNamedObjectPath [0x772E7AEE+238]</span><br/><br/>..\..\..\AppData\Local\Packages\PythonSoftwareFoundation.Python.3.10_qbz5n2kfra8p0\LocalCache\local-packages\Python310\site-packages\selenium\webdriver\support\wait.py:95: TimeoutException<br/><br/>During handling of the above exception, another exception occurred:<br/><br/>self = &lt;test_assistant_registration.TestAssistantRegistration object at 0x000001BC7BD7D4B0&gt;, driver = &lt;selenium.webdriver.chrome.webdriver.WebDriver (session=&quot;3201d13b0dd84ba5a837d676c8260c16&quot;)&gt;, username = &#x27;404477902&#x27;<br/>password = &#x27;1qazxsw2.23&#x27;, document_number = &#x27;12345678&#x27;, ticket_number = &#x27;17345678901254267690&#x27;<br/><br/>    @pytest.mark.parametrize(&quot;username, password, document_number, ticket_number&quot;, [(&quot;404477902&quot;, &quot;1qazxsw2.23&quot;,&quot;12345678&quot;, &quot;17345678901254267690&quot;)])<br/>    @pytest.mark.EP8_CUR01505<br/>    def test_attendee_registration_field_enable_all_fields(self,driver, username, password, document_number, ticket_number):<br/>        &quot;&quot;&quot;<br/>        Validar que el sistema habilite la edición de campos, Funcionario CIA.<br/>        &quot;&quot;&quot;<br/>        assistant_registration_page = PageFactory.create_page(driver, &quot;assistant_registration&quot;)<br/>&gt;       self.base_test(driver, username, password, document_number, ticket_number ,assistant_registration_page)<br/><br/>tests\test_assistant_registration.py:115: <br/>_ _ _ _ _ _ _ _ _ _ _ _ _ _ _ _ _ _ _ _ _ _ _ _ _ _ _ _ _ _ _ _ _ _ _ _ _ _ _ _ <br/>tests\test_assistant_registration.py:24: in base_test<br/>    assistant_registration_page.click_record_violation_button()<br/>pages\assistant_registration.py:73: in click_record_violation_button<br/>    record_violation_element = self.actions.element_to_be_clickable(driver=self.driver, element=self.record_violation)<br/>_ _ _ _ _ _ _ _ _ _ _ _ _ _ _ _ _ _ _ _ _ _ _ _ _ _ _ _ _ _ _ _ _ _ _ _ _ _ _ _ <br/><br/>self = &lt;Utils.actions.Actions object at 0x000001BC7BCC1CF0&gt;, driver = &lt;selenium.webdriver.chrome.webdriver.WebDriver (session=&quot;3201d13b0dd84ba5a837d676c8260c16&quot;)&gt;, element = (&#x27;xpath&#x27;, &quot;//span[contains(text(),&#x27;Registrar Infracción&#x27;)]&quot;)<br/>time = 30<br/><br/>    def element_to_be_clickable(self, driver, element, time=TIME_SECONDS_UNIT):<br/>        try:<br/>            return WebDriverWait(driver, time).until(<br/>                EC.element_to_be_clickable(element)<br/>            )<br/>        except TimeoutException:<br/>&gt;           raise Exception(f&quot;El elemento: {element}, no es clickeable después de {TIME_SECONDS_UNIT}&quot;)<br/><span class="error">E           Exception: El elemento: (&#x27;xpath&#x27;, &quot;//span[contains(text(),&#x27;Registrar Infracción&#x27;)]&quot;), no es clickeable después de 30</span><br/><br/>Utils\actions.py:14: Exception<br/> ----------------------------Captured stdout teardown---------------------------- <br/>pase
<br/></div></td></tr></tbody>
      <tbody class="failed results-table-row">
        <tr>
          <td class="col-result">Failed</td>
          <td class="col-name">tests/test_assistant_registration.py::TestAssistantRegistration::test_attendee_registration_field_valid_info[404477902-1qazxsw2.23-12345678-17345678901254267690]</td>
          <td class="col-duration">80.07</td>
          <td class="col-links"></td></tr>
        <tr>
          <td class="extra" colspan="4">
            <div class="log">self = &lt;Utils.actions.Actions object at 0x000001BC7C092AA0&gt;, driver = &lt;selenium.webdriver.chrome.webdriver.WebDriver (session=&quot;f0629acf84af35b2d7300700df812ef9&quot;)&gt;, element = (&#x27;xpath&#x27;, &quot;//span[contains(text(),&#x27;Registrar Infracción&#x27;)]&quot;)<br/>time = 30<br/><br/>    def element_to_be_clickable(self, driver, element, time=TIME_SECONDS_UNIT):<br/>        try:<br/>&gt;           return WebDriverWait(driver, time).until(<br/>                EC.element_to_be_clickable(element)<br/>            )<br/><br/>Utils\actions.py:10: <br/>_ _ _ _ _ _ _ _ _ _ _ _ _ _ _ _ _ _ _ _ _ _ _ _ _ _ _ _ _ _ _ _ _ _ _ _ _ _ _ _ <br/><br/>self = &lt;selenium.webdriver.support.wait.WebDriverWait (session=&quot;f0629acf84af35b2d7300700df812ef9&quot;)&gt;, method = &lt;function element_to_be_clickable.&lt;locals&gt;._predicate at 0x000001BC7C0D1480&gt;, message = &#x27;&#x27;<br/><br/>    def until(self, method, message: str = &quot;&quot;):<br/>        &quot;&quot;&quot;Calls the method provided with the driver as an argument until the \<br/>        return value does not evaluate to ``False``.<br/>    <br/>        :param method: callable(WebDriver)<br/>        :param message: optional message for :exc:`TimeoutException`<br/>        :returns: the result of the last call to `method`<br/>        :raises: :exc:`selenium.common.exceptions.TimeoutException` if timeout occurs<br/>        &quot;&quot;&quot;<br/>        screen = None<br/>        stacktrace = None<br/>    <br/>        end_time = time.monotonic() + self._timeout<br/>        while True:<br/>            try:<br/>                value = method(self._driver)<br/>                if value:<br/>                    return value<br/>            except self._ignored_exceptions as exc:<br/>                screen = getattr(exc, &quot;screen&quot;, None)<br/>                stacktrace = getattr(exc, &quot;stacktrace&quot;, None)<br/>            time.sleep(self._poll)<br/>            if time.monotonic() &gt; end_time:<br/>                break<br/>&gt;       raise TimeoutException(message, screen, stacktrace)<br/><span class="error">E       selenium.common.exceptions.TimeoutException: Message: </span><br/><span class="error">E       Stacktrace:</span><br/><span class="error">E       Backtrace:</span><br/><span class="error">E       	GetHandleVerifier [0x00E8A813+48355]</span><br/><span class="error">E       	(No symbol) [0x00E1C4B1]</span><br/><span class="error">E       	(No symbol) [0x00D25358]</span><br/><span class="error">E       	(No symbol) [0x00D509A5]</span><br/><span class="error">E       	(No symbol) [0x00D50B3B]</span><br/><span class="error">E       	(No symbol) [0x00D7E232]</span><br/><span class="error">E       	(No symbol) [0x00D6A784]</span><br/><span class="error">E       	(No symbol) [0x00D7C922]</span><br/><span class="error">E       	(No symbol) [0x00D6A536]</span><br/><span class="error">E       	(No symbol) [0x00D482DC]</span><br/><span class="error">E       	(No symbol) [0x00D493DD]</span><br/><span class="error">E       	GetHandleVerifier [0x010EAABD+2539405]</span><br/><span class="error">E       	GetHandleVerifier [0x0112A78F+2800735]</span><br/><span class="error">E       	GetHandleVerifier [0x0112456C+2775612]</span><br/><span class="error">E       	GetHandleVerifier [0x00F151E0+616112]</span><br/><span class="error">E       	(No symbol) [0x00E25F8C]</span><br/><span class="error">E       	(No symbol) [0x00E22328]</span><br/><span class="error">E       	(No symbol) [0x00E2240B]</span><br/><span class="error">E       	(No symbol) [0x00E14FF7]</span><br/><span class="error">E       	BaseThreadInitThunk [0x757900C9+25]</span><br/><span class="error">E       	RtlGetAppContainerNamedObjectPath [0x772E7B1E+286]</span><br/><span class="error">E       	RtlGetAppContainerNamedObjectPath [0x772E7AEE+238]</span><br/><br/>..\..\..\AppData\Local\Packages\PythonSoftwareFoundation.Python.3.10_qbz5n2kfra8p0\LocalCache\local-packages\Python310\site-packages\selenium\webdriver\support\wait.py:95: TimeoutException<br/><br/>During handling of the above exception, another exception occurred:<br/><br/>self = &lt;test_assistant_registration.TestAssistantRegistration object at 0x000001BC7BD7D9C0&gt;, driver = &lt;selenium.webdriver.chrome.webdriver.WebDriver (session=&quot;f0629acf84af35b2d7300700df812ef9&quot;)&gt;, username = &#x27;404477902&#x27;<br/>password = &#x27;1qazxsw2.23&#x27;, document_number = &#x27;12345678&#x27;, ticket_number = &#x27;17345678901254267690&#x27;<br/><br/>    @pytest.mark.parametrize(&quot;username, password, document_number, ticket_number&quot;, [(&quot;404477902&quot;, &quot;1qazxsw2.23&quot;,&quot;12345678&quot;, &quot;17345678901254267690&quot;)])<br/>    @pytest.mark.EP9_CUR01505<br/>    def test_attendee_registration_field_valid_info(self,driver, username, password, document_number, ticket_number):<br/>        &quot;&quot;&quot;<br/>        Validar que la información suministrada cumpla con las condiciones descritas. Funcionario CIA.<br/>        &quot;&quot;&quot;<br/>        assistant_registration_page = PageFactory.create_page(driver, &quot;assistant_registration&quot;)<br/>&gt;       self.base_test(driver, username, password, document_number, ticket_number ,assistant_registration_page)<br/><br/>tests\test_assistant_registration.py:128: <br/>_ _ _ _ _ _ _ _ _ _ _ _ _ _ _ _ _ _ _ _ _ _ _ _ _ _ _ _ _ _ _ _ _ _ _ _ _ _ _ _ <br/>tests\test_assistant_registration.py:24: in base_test<br/>    assistant_registration_page.click_record_violation_button()<br/>pages\assistant_registration.py:73: in click_record_violation_button<br/>    record_violation_element = self.actions.element_to_be_clickable(driver=self.driver, element=self.record_violation)<br/>_ _ _ _ _ _ _ _ _ _ _ _ _ _ _ _ _ _ _ _ _ _ _ _ _ _ _ _ _ _ _ _ _ _ _ _ _ _ _ _ <br/><br/>self = &lt;Utils.actions.Actions object at 0x000001BC7C092AA0&gt;, driver = &lt;selenium.webdriver.chrome.webdriver.WebDriver (session=&quot;f0629acf84af35b2d7300700df812ef9&quot;)&gt;, element = (&#x27;xpath&#x27;, &quot;//span[contains(text(),&#x27;Registrar Infracción&#x27;)]&quot;)<br/>time = 30<br/><br/>    def element_to_be_clickable(self, driver, element, time=TIME_SECONDS_UNIT):<br/>        try:<br/>            return WebDriverWait(driver, time).until(<br/>                EC.element_to_be_clickable(element)<br/>            )<br/>        except TimeoutException:<br/>&gt;           raise Exception(f&quot;El elemento: {element}, no es clickeable después de {TIME_SECONDS_UNIT}&quot;)<br/><span class="error">E           Exception: El elemento: (&#x27;xpath&#x27;, &quot;//span[contains(text(),&#x27;Registrar Infracción&#x27;)]&quot;), no es clickeable después de 30</span><br/><br/>Utils\actions.py:14: Exception<br/> ----------------------------Captured stdout teardown---------------------------- <br/>pase
<br/></div></td></tr></tbody>
      <tbody class="failed results-table-row">
        <tr>
          <td class="col-result">Failed</td>
          <td class="col-name">tests/test_assistant_registration.py::TestAssistantRegistration::test_attendee_registration_comparendo_already_exists[404477902-1qazxsw2.23-12345678-17345678901254267690]</td>
          <td class="col-duration">81.09</td>
          <td class="col-links"></td></tr>
        <tr>
          <td class="extra" colspan="4">
            <div class="log">self = &lt;Utils.actions.Actions object at 0x000001BC7C045BD0&gt;, driver = &lt;selenium.webdriver.chrome.webdriver.WebDriver (session=&quot;0c9dc4e55d67012ce405f352aa3dd7f0&quot;)&gt;, element = (&#x27;xpath&#x27;, &quot;//span[contains(text(),&#x27;Registrar Infracción&#x27;)]&quot;)<br/>time = 30<br/><br/>    def element_to_be_clickable(self, driver, element, time=TIME_SECONDS_UNIT):<br/>        try:<br/>&gt;           return WebDriverWait(driver, time).until(<br/>                EC.element_to_be_clickable(element)<br/>            )<br/><br/>Utils\actions.py:10: <br/>_ _ _ _ _ _ _ _ _ _ _ _ _ _ _ _ _ _ _ _ _ _ _ _ _ _ _ _ _ _ _ _ _ _ _ _ _ _ _ _ <br/><br/>self = &lt;selenium.webdriver.support.wait.WebDriverWait (session=&quot;0c9dc4e55d67012ce405f352aa3dd7f0&quot;)&gt;, method = &lt;function element_to_be_clickable.&lt;locals&gt;._predicate at 0x000001BC7C0D1990&gt;, message = &#x27;&#x27;<br/><br/>    def until(self, method, message: str = &quot;&quot;):<br/>        &quot;&quot;&quot;Calls the method provided with the driver as an argument until the \<br/>        return value does not evaluate to ``False``.<br/>    <br/>        :param method: callable(WebDriver)<br/>        :param message: optional message for :exc:`TimeoutException`<br/>        :returns: the result of the last call to `method`<br/>        :raises: :exc:`selenium.common.exceptions.TimeoutException` if timeout occurs<br/>        &quot;&quot;&quot;<br/>        screen = None<br/>        stacktrace = None<br/>    <br/>        end_time = time.monotonic() + self._timeout<br/>        while True:<br/>            try:<br/>                value = method(self._driver)<br/>                if value:<br/>                    return value<br/>            except self._ignored_exceptions as exc:<br/>                screen = getattr(exc, &quot;screen&quot;, None)<br/>                stacktrace = getattr(exc, &quot;stacktrace&quot;, None)<br/>            time.sleep(self._poll)<br/>            if time.monotonic() &gt; end_time:<br/>                break<br/>&gt;       raise TimeoutException(message, screen, stacktrace)<br/><span class="error">E       selenium.common.exceptions.TimeoutException: Message: </span><br/><span class="error">E       Stacktrace:</span><br/><span class="error">E       Backtrace:</span><br/><span class="error">E       	GetHandleVerifier [0x00E8A813+48355]</span><br/><span class="error">E       	(No symbol) [0x00E1C4B1]</span><br/><span class="error">E       	(No symbol) [0x00D25358]</span><br/><span class="error">E       	(No symbol) [0x00D509A5]</span><br/><span class="error">E       	(No symbol) [0x00D50B3B]</span><br/><span class="error">E       	(No symbol) [0x00D7E232]</span><br/><span class="error">E       	(No symbol) [0x00D6A784]</span><br/><span class="error">E       	(No symbol) [0x00D7C922]</span><br/><span class="error">E       	(No symbol) [0x00D6A536]</span><br/><span class="error">E       	(No symbol) [0x00D482DC]</span><br/><span class="error">E       	(No symbol) [0x00D493DD]</span><br/><span class="error">E       	GetHandleVerifier [0x010EAABD+2539405]</span><br/><span class="error">E       	GetHandleVerifier [0x0112A78F+2800735]</span><br/><span class="error">E       	GetHandleVerifier [0x0112456C+2775612]</span><br/><span class="error">E       	GetHandleVerifier [0x00F151E0+616112]</span><br/><span class="error">E       	(No symbol) [0x00E25F8C]</span><br/><span class="error">E       	(No symbol) [0x00E22328]</span><br/><span class="error">E       	(No symbol) [0x00E2240B]</span><br/><span class="error">E       	(No symbol) [0x00E14FF7]</span><br/><span class="error">E       	BaseThreadInitThunk [0x757900C9+25]</span><br/><span class="error">E       	RtlGetAppContainerNamedObjectPath [0x772E7B1E+286]</span><br/><span class="error">E       	RtlGetAppContainerNamedObjectPath [0x772E7AEE+238]</span><br/><br/>..\..\..\AppData\Local\Packages\PythonSoftwareFoundation.Python.3.10_qbz5n2kfra8p0\LocalCache\local-packages\Python310\site-packages\selenium\webdriver\support\wait.py:95: TimeoutException<br/><br/>During handling of the above exception, another exception occurred:<br/><br/>self = &lt;test_assistant_registration.TestAssistantRegistration object at 0x000001BC7BD7DC60&gt;, driver = &lt;selenium.webdriver.chrome.webdriver.WebDriver (session=&quot;0c9dc4e55d67012ce405f352aa3dd7f0&quot;)&gt;, username = &#x27;404477902&#x27;<br/>password = &#x27;1qazxsw2.23&#x27;, document_number = &#x27;12345678&#x27;, ticket_number = &#x27;17345678901254267690&#x27;<br/><br/>    @pytest.mark.parametrize(&quot;username, password, document_number, ticket_number&quot;, [(&quot;404477902&quot;, &quot;1qazxsw2.23&quot;,&quot;12345678&quot;, &quot;17345678901254267690&quot;)])<br/>    @pytest.mark.EP11_CUR01505<br/>    def test_attendee_registration_comparendo_already_exists(self,driver, username, password, document_number, ticket_number):<br/>        &quot;&quot;&quot;<br/>        Validar cuando el comparendo ya esta registrado o con un curso asociado. Funcionario CIA.<br/>        &quot;&quot;&quot;<br/>        assistant_registration_page = PageFactory.create_page(driver, &quot;assistant_registration&quot;)<br/>&gt;       self.base_test(driver, username, password, document_number, ticket_number ,assistant_registration_page)<br/><br/>tests\test_assistant_registration.py:154: <br/>_ _ _ _ _ _ _ _ _ _ _ _ _ _ _ _ _ _ _ _ _ _ _ _ _ _ _ _ _ _ _ _ _ _ _ _ _ _ _ _ <br/>tests\test_assistant_registration.py:24: in base_test<br/>    assistant_registration_page.click_record_violation_button()<br/>pages\assistant_registration.py:73: in click_record_violation_button<br/>    record_violation_element = self.actions.element_to_be_clickable(driver=self.driver, element=self.record_violation)<br/>_ _ _ _ _ _ _ _ _ _ _ _ _ _ _ _ _ _ _ _ _ _ _ _ _ _ _ _ _ _ _ _ _ _ _ _ _ _ _ _ <br/><br/>self = &lt;Utils.actions.Actions object at 0x000001BC7C045BD0&gt;, driver = &lt;selenium.webdriver.chrome.webdriver.WebDriver (session=&quot;0c9dc4e55d67012ce405f352aa3dd7f0&quot;)&gt;, element = (&#x27;xpath&#x27;, &quot;//span[contains(text(),&#x27;Registrar Infracción&#x27;)]&quot;)<br/>time = 30<br/><br/>    def element_to_be_clickable(self, driver, element, time=TIME_SECONDS_UNIT):<br/>        try:<br/>            return WebDriverWait(driver, time).until(<br/>                EC.element_to_be_clickable(element)<br/>            )<br/>        except TimeoutException:<br/>&gt;           raise Exception(f&quot;El elemento: {element}, no es clickeable después de {TIME_SECONDS_UNIT}&quot;)<br/><span class="error">E           Exception: El elemento: (&#x27;xpath&#x27;, &quot;//span[contains(text(),&#x27;Registrar Infracción&#x27;)]&quot;), no es clickeable después de 30</span><br/><br/>Utils\actions.py:14: Exception<br/> ----------------------------Captured stdout teardown---------------------------- <br/>pase
<br/></div></td></tr></tbody></table></body></html>